2024/08/22 05:36:42 main.go:35: Loading service type: RegService
2024/08/22 05:36:42 RegService.go:78: Start(): trying port 8503
2024/08/22 05:36:42 RegService.go:48: startRegService(): calling bindgRPCToService
2024/08/22 05:36:42 RegServiceServant.go:46: RegServiceServant::InitServant() called with join_root
join_root - Joined Chord Successfully
2024/08/22 05:36:42 RegServiceServant.go:64: JoinChord returned: &{{0xf119fa 3006477107 <nil>}}
2024/08/22 05:36:42 RegServiceServant.go:72: chordNode.IsFirst() result: false
2024/08/22 05:36:42 RegService.go:60: RegService starts listening on [::]:8503
2024/08/22 05:37:02 RegService.go:98: Register(): called with service: CacheService, addresses: [address:"[::]:39881"  protocol:"GRPC"]
2024/08/22 05:37:02 RegService.go:100: Register(): converted to: map[GRPC:[::]:39881]
getAllKeys returns []
2024/08/22 05:37:02 RegServiceUtils.go:25: 
key/value: CacheService / [Ljava.lang.String;@5e861b99 has been added.
2024/08/22 05:37:02 RegServiceServant.go:113: Address $GRPC$[::]:39881 added for service CacheService
2024/08/22 05:37:13 RegService.go:98: Register(): called with service: CacheService, addresses: [address:"[::]:34203"  protocol:"GRPC"]
2024/08/22 05:37:13 RegService.go:100: Register(): converted to: map[GRPC:[::]:34203]
getAllKeys returns [CacheService]
Search CacheService 110110100110110100101
value is [Ljava.lang.String;@5e861b99
2024/08/22 05:37:13 RegServiceUtils.go:25: 
key/value: CacheService / [Ljava.lang.String;@5151f962 has been added.
2024/08/22 05:37:13 RegServiceServant.go:113: Address $GRPC$[::]:34203 added for service CacheService
2024/08/22 05:37:52 RegService.go:98: Register(): called with service: TestService, addresses: [address:"tcp://127.0.0.1:41543"  protocol:"MQ" address:"[::]:38767"  protocol:"GRPC"]
2024/08/22 05:37:52 RegService.go:100: Register(): converted to: map[GRPC:[::]:38767 MQ:tcp://127.0.0.1:41543]
getAllKeys returns [TestService, CacheService]
Search TestService 001111101011101011000
value is [Ljava.lang.String;@7611ce55
2024/08/22 05:37:52 RegServiceUtils.go:25: 
2024/08/22 05:37:52 RegServiceUtils.go:25: 
key/value: TestService / [Ljava.lang.String;@24205030 has been added.
2024/08/22 05:37:52 RegServiceServant.go:113: Address $MQ$tcp://127.0.0.1:41543$GRPC$[::]:38767 added for service TestService
+++ jdk xcall_params_ret 0xf4ff50 0x12c1690 0xc0001a8238
+++ jdk xcall_params_ret 0xf50530 0x12c1690 0xc0001a8248
+++ jdk xcall_params_ret 0xf50220 0x7fffa0001660 0xc000210db0
+++ jdk xcall_params_no_ret 0xf500f0 0x7fffa0001660 0xc000210dd0
+++ jdk xcall_params_ret 0xf50220 0x7fffa0001660 0xc000210e38
+++ jdk xcall_params_ret 0xf502e0 0x7fffa0001660 0xc000210e60
+++ jdk xcall_params_no_ret 0xf500f0 0x7fffa0001660 0xc000210ea0
+++ jdk xcall_params_ret 0xf50220 0x7fffac0017c0 0xc000210f90
+++ jdk xcall_params_ret 0xf502e0 0x7fffac0017c0 0xc000210f98
+++ jdk xcall_params_no_ret 0xf500f0 0x7fffac0017c0 0xc000210ff0
Failed to destroy JVM: -1
